SURFACE: CLI
INVOCATION: pnpm build
START_KST: 2026-07-08 21:39:29 +09:00
--- OUTPUT ---
$ vite build
[36mvite v6.4.3 [32mbuilding SSR bundle for production...[36m[39m
transforming...
[32m✓[39m 15 modules transformed.
rendering chunks...
[2mdist/prompt_gallery/[22m[32m.vite/manifest.json  [39m[1m[2m 0.16 kB[22m[1m[22m
[2mdist/prompt_gallery/[22m[32mwrangler.json        [39m[1m[2m 1.53 kB[22m[1m[22m
[2mdist/prompt_gallery/[22m[36mindex.js             [39m[1m[2m40.05 kB[22m[1m[22m
[32m✓ built in 141ms[39m
[36mvite v6.4.3 [32mbuilding for production...[36m[39m
transforming...
[32m✓[39m 1577 modules transformed.
rendering chunks...
computing gzip size...
[2mdist/client/[22m[32m.assetsignore              [39m[1m[2m  0.02 kB[22m[1m[22m
[2mdist/client/[22m[32mindex.html                 [39m[1m[2m  0.54 kB[22m[1m[22m[2m │ gzip:  0.38 kB[22m
[2mdist/client/[22m[35massets/index-C11XZ5ci.css  [39m[1m[2m  2.61 kB[22m[1m[22m[2m │ gzip:  0.95 kB[22m
[2mdist/client/[22m[36massets/index-BiVcGuRL.js   [39m[1m[2m149.80 kB[22m[1m[22m[2m │ gzip: 48.16 kB[22m
[32m✓ built in 1.50s[39m
--- EXIT ---
EXIT_CODE: 0
END_KST: 2026-07-08 21:39:32 +09:00
DURATION_SECONDS: 3.3
